<?xml version="1.0" encoding="UTF-8"?>
<!-- Generated by org.testng.reporters.JUnitXMLReporter -->
<testsuite ignored="0" hostname="LAPTOP-SB7RE8KB" failures="0" tests="1" name="Test-2" time="18.749" errors="0" timestamp="2025-06-19T15:04:19 IST">
  <testcase classname="login.GmailLogin" name="loginGmail" time="14.595"/>
</testsuite> <!-- Test-2 -->
