<?xml version="1.0" encoding="UTF-8"?>
<!-- Generated by org.testng.reporters.JUnitReportReporter -->
<testsuite hostname="LAPTOP-SB7RE8KB" failures="0" tests="1" name="login.Flipkart" time="6.823" errors="0" timestamp="2025-06-21T13:11:58 IST" skipped="0">
  <testcase classname="login.Flipkart" name="loginFlip" time="6.823"/>
</testsuite> <!-- login.Flipkart -->
