<?xml version="1.0" encoding="UTF-8"?>
<!-- Generated by org.testng.reporters.JUnitReportReporter -->
<testsuite hostname="LAPTOP-SB7RE8KB" failures="0" tests="1" name="calenderpopup.CalenderGoibiboTest" time="90.760" errors="0" timestamp="2025-06-16T15:47:41 IST" skipped="0">
  <testcase classname="calenderpopup.CalenderGoibiboTest" name="calenderPopup" time="90.760"/>
  <system-out/>
</testsuite> <!-- calenderpopup.CalenderGoibiboTest -->
