<?xml version="1.0" encoding="UTF-8"?>
<!-- Generated by org.testng.reporters.JUnitReportReporter -->
<testsuite hostname="LAPTOP-SB7RE8KB" failures="0" tests="1" name="login.two.FlipkartLoginTest" time="21.430" errors="0" timestamp="2025-07-01T08:56:13 IST" skipped="0">
  <testcase classname="login.two.FlipkartLoginTest" name="loginToFlipkart" time="21.430"/>
</testsuite> <!-- login.two.FlipkartLoginTest -->
