<?xml version="1.0" encoding="UTF-8"?>
<!-- Generated by org.testng.reporters.JUnitReportReporter -->
<testsuite hostname="LAPTOP-SB7RE8KB" failures="0" tests="1" name="login.GmailLogin" time="14.597" errors="0" timestamp="2025-06-19T15:04:20 IST" skipped="0">
  <testcase classname="login.GmailLogin" name="loginGmail" time="14.597"/>
  <system-out/>
</testsuite> <!-- login.GmailLogin -->
