<?xml version="1.0" encoding="UTF-8"?>
<!-- Generated by org.testng.reporters.JUnitReportReporter -->
<testsuite hostname="LAPTOP-SB7RE8KB" failures="0" tests="1" name="calenderpopup.CalenderIrctcPopUpTest" time="35.375" errors="0" timestamp="2025-06-16T14:19:50 IST" skipped="0">
  <testcase classname="calenderpopup.CalenderIrctcPopUpTest" name="calenderPopup" time="35.375"/>
  <system-out/>
</testsuite> <!-- calenderpopup.CalenderIrctcPopUpTest -->
