<?xml version="1.0" encoding="UTF-8"?>
<!-- Generated by org.testng.reporters.JUnitReportReporter -->
<testsuite hostname="LAPTOP-SB7RE8KB" failures="0" tests="1" name="brokenLinks.EpfoBrokenLinkTest" time="314.340" errors="0" timestamp="2025-06-16T13:13:59 IST" skipped="0">
  <testcase classname="brokenLinks.EpfoBrokenLinkTest" name="checkBrokenLinks" time="314.340"/>
  <system-out/>
</testsuite> <!-- brokenLinks.EpfoBrokenLinkTest -->
