<?xml version="1.0" encoding="UTF-8"?>
<!-- Generated by org.testng.reporters.JUnitReportReporter -->
<testsuite hostname="LAPTOP-SB7RE8KB" failures="0" tests="1" name="xml.ReadDataFromTextNG_XML" time="0.043" errors="0" timestamp="2025-06-05T15:47:23 IST" skipped="0">
  <testcase classname="xml.ReadDataFromTextNG_XML" name="sampleTest" time="0.043"/>
  <system-out/>
</testsuite> <!-- xml.ReadDataFromTextNG_XML -->
