<?xml version="1.0" encoding="UTF-8"?>
<!-- Generated by org.testng.reporters.JUnitReportReporter -->
<testsuite hostname="LAPTOP-SB7RE8KB" failures="0" tests="1" name="saniya.MyntraTest" time="9.004" errors="0" timestamp="2025-06-21T14:49:32 IST" skipped="0">
  <testcase classname="saniya.MyntraTest" name="loginToMytra" time="9.004"/>
</testsuite> <!-- saniya.MyntraTest -->
